# JRE version: Java(TM) SE Runtime Environment (8.0_51-b16) (build 1.8.0_51-b16)
# Java VM: Java HotSpot(TM) 64-Bit Server VM (25.51-b03 mixed mode windows-amd64 compressed oops)
Heap:
 PSYoungGen      total 2527232K, used 2520828K [0x0000000710000000, 0x00000007acc80000, 0x00000007c0000000)
  eden space 2489344K, 100% used [0x0000000710000000,0x00000007a7f00000,0x00000007a7f00000)
  from space 37888K, 83% used [0x00000007a7f00000,0x00000007a9dbf388,0x00000007aa400000)
  to   space 37888K, 83% used [0x00000007aa780000,0x00000007ac637848,0x00000007acc80000)
 ParOldGen       total 4833280K, used 4800224K [0x00000005b0000000, 0x00000006d7000000, 0x0000000710000000)
  object space 4833280K, 99% used [0x00000005b0000000,0x00000006d4fb82f8,0x00000006d7000000)
 Metaspace       used 307988K, capacity 352752K, committed 352844K, reserved 1333248K
  class space    used 56492K, capacity 69950K, committed 69964K, reserved 1048576K
GC Heap History (10 events):
Event: 2705.630 GC heap after
Heap after GC invocations=456 (full 13):
 PSYoungGen      total 2520576K, used 23649K [0x0000000710000000, 0x00000007ac700000, 0x00000007c0000000)
  eden space 2481664K, 0% used [0x0000000710000000,0x0000000710000000,0x00000007a7780000)
  from space 38912K, 60% used [0x00000007a7780000,0x00000007a8e98528,0x00000007a9d80000)
  to   space 38912K, 0% used [0x00000007aa100000,0x00000007aa100000,0x00000007ac700000)
 ParOldGen       total 4833280K, used 4789918K [0x00000005b0000000, 0x00000006d7000000, 0x0000000710000000)
  object space 4833280K, 99% used [0x00000005b0000000,0x00000006d45a78a0,0x00000006d7000000)
 Metaspace       used 307915K, capacity 352656K, committed 352844K, reserved 1333248K
  class space    used 56487K, capacity 69944K, committed 69964K, reserved 1048576K
}
Event: 2713.960 GC heap before
{Heap before GC invocations=457 (full 13):
 PSYoungGen      total 2520576K, used 2504521K [0x0000000710000000, 0x00000007ac700000, 0x00000007c0000000)
  eden space 2481664K, 99% used [0x0000000710000000,0x00000007a76ba070,0x00000007a7780000)
  from space 38912K, 60% used [0x00000007a7780000,0x00000007a8e98528,0x00000007a9d80000)
  to   space 38912K, 0% used [0x00000007aa100000,0x00000007aa100000,0x00000007ac700000)
 ParOldGen       total 4833280K, used 4789918K [0x00000005b0000000, 0x00000006d7000000, 0x0000000710000000)
  object space 4833280K, 99% used [0x00000005b0000000,0x00000006d45a78a0,0x00000006d7000000)
 Metaspace       used 307960K, capacity 352728K, committed 352844K, reserved 1333248K
  class space    used 56487K, capacity 69944K, committed 69964K, reserved 1048576K
Event: 2713.982 GC heap after
Heap after GC invocations=457 (full 13):
 PSYoungGen      total 2524160K, used 29891K [0x0000000710000000, 0x00000007ac680000, 0x00000007c0000000)
  eden space 2485760K, 0% used [0x0000000710000000,0x0000000710000000,0x00000007a7b80000)
  from space 38400K, 77% used [0x00000007aa100000,0x00000007abe30cb8,0x00000007ac680000)
  to   space 38400K, 0% used [0x00000007a7b80000,0x00000007a7b80000,0x00000007aa100000)
 ParOldGen       total 4833280K, used 4790413K [0x00000005b0000000, 0x00000006d7000000, 0x0000000710000000)
  object space 4833280K, 99% used [0x00000005b0000000,0x00000006d46236d0,0x00000006d7000000)
 Metaspace       used 307960K, capacity 352728K, committed 352844K, reserved 1333248K
  class space    used 56487K, capacity 69944K, committed 69964K, reserved 1048576K
}
Event: 2722.347 GC heap before
{Heap before GC invocations=458 (full 13):
 PSYoungGen      total 2524160K, used 2515642K [0x0000000710000000, 0x00000007ac680000, 0x00000007c0000000)
  eden space 2485760K, 99% used [0x0000000710000000,0x00000007a7b7dc68,0x00000007a7b80000)
  from space 38400K, 77% used [0x00000007aa100000,0x00000007abe30cb8,0x00000007ac680000)
  to   space 38400K, 0% used [0x00000007a7b80000,0x00000007a7b80000,0x00000007aa100000)
 ParOldGen       total 4833280K, used 4790413K [0x00000005b0000000, 0x00000006d7000000, 0x0000000710000000)
  object space 4833280K, 99% used [0x00000005b0000000,0x00000006d46236d0,0x00000006d7000000)
 Metaspace       used 307960K, capacity 352728K, committed 352844K, reserved 1333248K
  class space    used 56487K, capacity 69944K, committed 69964K, reserved 1048576K
Event: 2722.369 GC heap after
Heap after GC invocations=458 (full 13):
 PSYoungGen      total 2524160K, used 29101K [0x0000000710000000, 0x00000007ac980000, 0x00000007c0000000)
  eden space 2485760K, 0% used [0x0000000710000000,0x0000000710000000,0x00000007a7b80000)
  from space 38400K, 75% used [0x00000007a7b80000,0x00000007a97eb5c8,0x00000007aa100000)
  to   space 37888K, 0% used [0x00000007aa480000,0x00000007aa480000,0x00000007ac980000)
 ParOldGen       total 4833280K, used 4790493K [0x00000005b0000000, 0x00000006d7000000, 0x0000000710000000)
  object space 4833280K, 99% used [0x00000005b0000000,0x00000006d46376d0,0x00000006d7000000)
 Metaspace       used 307960K, capacity 352728K, committed 352844K, reserved 1333248K
  class space    used 56487K, capacity 69944K, committed 69964K, reserved 1048576K
}
Event: 2739.153 GC heap before
{Heap before GC invocations=459 (full 13):
 PSYoungGen      total 2524160K, used 2514861K [0x0000000710000000, 0x00000007ac980000, 0x00000007c0000000)
  eden space 2485760K, 100% used [0x0000000710000000,0x00000007a7b80000,0x00000007a7b80000)
  from space 38400K, 75% used [0x00000007a7b80000,0x00000007a97eb5c8,0x00000007aa100000)
  to   space 37888K, 0% used [0x00000007aa480000,0x00000007aa480000,0x00000007ac980000)
 ParOldGen       total 4833280K, used 4791517K [0x00000005b0000000, 0x00000006d7000000, 0x0000000710000000)
  object space 4833280K, 99% used [0x00000005b0000000,0x00000006d47376e0,0x00000006d7000000)
 Metaspace       used 307965K, capacity 352728K, committed 352844K, reserved 1333248K
  class space    used 56487K, capacity 69944K, committed 69964K, reserved 1048576K
Event: 2739.176 GC heap after
Heap after GC invocations=459 (full 13):
 PSYoungGen      total 2526720K, used 31384K [0x0000000710000000, 0x00000007ac900000, 0x00000007c0000000)
  eden space 2489344K, 0% used [0x0000000710000000,0x0000000710000000,0x00000007a7f00000)
  from space 37376K, 83% used [0x00000007aa480000,0x00000007ac3260b8,0x00000007ac900000)
  to   space 37888K, 0% used [0x00000007a7f00000,0x00000007a7f00000,0x00000007aa400000)
 ParOldGen       total 4833280K, used 4791605K [0x00000005b0000000, 0x00000006d7000000, 0x0000000710000000)
  object space 4833280K, 99% used [0x00000005b0000000,0x00000006d474d6e0,0x00000006d7000000)
 Metaspace       used 307965K, capacity 352728K, committed 352844K, reserved 1333248K
  class space    used 56487K, capacity 69944K, committed 69964K, reserved 1048576K
}
Event: 2758.046 GC heap before
{Heap before GC invocations=460 (full 13):
 PSYoungGen      total 2526720K, used 2520728K [0x0000000710000000, 0x00000007ac900000, 0x00000007c0000000)
  eden space 2489344K, 100% used [0x0000000710000000,0x00000007a7f00000,0x00000007a7f00000)
  from space 37376K, 83% used [0x00000007aa480000,0x00000007ac3260b8,0x00000007ac900000)
  to   space 37888K, 0% used [0x00000007a7f00000,0x00000007a7f00000,0x00000007aa400000)
 ParOldGen       total 4833280K, used 4799800K [0x00000005b0000000, 0x00000006d7000000, 0x0000000710000000)
  object space 4833280K, 99% used [0x00000005b0000000,0x00000006d4f4e2d8,0x00000006d7000000)
 Metaspace       used 307969K, capacity 352728K, committed 352844K, reserved 1333248K
  class space    used 56487K, capacity 69944K, committed 69964K, reserved 1048576K
Event: 2758.068 GC heap after
Heap after GC invocations=460 (full 13):
 PSYoungGen      total 2527232K, used 31484K [0x0000000710000000, 0x00000007acc80000, 0x00000007c0000000)
  eden space 2489344K, 0% used [0x0000000710000000,0x0000000710000000,0x00000007a7f00000)
  from space 37888K, 83% used [0x00000007a7f00000,0x00000007a9dbf388,0x00000007aa400000)
  to   space 37888K, 0% used [0x00000007aa780000,0x00000007aa780000,0x00000007acc80000)
 ParOldGen       total 4833280K, used 4800080K [0x00000005b0000000, 0x00000006d7000000, 0x0000000710000000)
  object space 4833280K, 99% used [0x00000005b0000000,0x00000006d4f942f8,0x00000006d7000000)
 Metaspace       used 307969K, capacity 352728K, committed 352844K, reserved 1333248K
  class space    used 56487K, capacity 69944K, committed 69964K, reserved 1048576K
}
Event: 2777.565 GC heap before
{Heap before GC invocations=461 (full 13):
 PSYoungGen      total 2527232K, used 2520828K [0x0000000710000000, 0x00000007acc80000, 0x00000007c0000000)
  eden space 2489344K, 100% used [0x0000000710000000,0x00000007a7f00000,0x00000007a7f00000)
  from space 37888K, 83% used [0x00000007a7f00000,0x00000007a9dbf388,0x00000007aa400000)
  to   space 37888K, 0% used [0x00000007aa780000,0x00000007aa780000,0x00000007acc80000)
 ParOldGen       total 4833280K, used 4800080K [0x00000005b0000000, 0x00000006d7000000, 0x0000000710000000)
  object space 4833280K, 99% used [0x00000005b0000000,0x00000006d4f942f8,0x00000006d7000000)
 Metaspace       used 307988K, capacity 352752K, committed 352844K, reserved 1333248K
  class space    used 56492K, capacity 69950K, committed 69964K, reserved 1048576K

