# JRE version: Java(TM) SE Runtime Environment (8.0_51-b16) (build 1.8.0_51-b16)
# Java VM: Java HotSpot(TM) 64-Bit Server VM (25.51-b03 mixed mode windows-amd64 compressed oops)
Heap:
 PSYoungGen      total 2226176K, used 1769616K [0x0000000710000000, 0x00000007c0000000, 0x00000007c0000000)
  eden space 1579008K, 100% used [0x0000000710000000,0x0000000770600000,0x0000000770600000)
  from space 647168K, 29% used [0x0000000798800000,0x00000007a4224130,0x00000007c0000000)
  to   space 652288K, 19% used [0x0000000770600000,0x0000000777f5c130,0x0000000798300000)
 ParOldGen       total 3087872K, used 2519506K [0x00000005b0000000, 0x000000066c780000, 0x0000000710000000)
  object space 3087872K, 81% used [0x00000005b0000000,0x0000000649c74998,0x000000066c780000)
 Metaspace       used 300461K, capacity 338364K, committed 338520K, reserved 1312768K
  class space    used 60818K, capacity 74862K, committed 74880K, reserved 1048576K
GC Heap History (10 events):
Event: 76.724 GC heap after
Heap after GC invocations=106 (full 8):
 PSYoungGen      total 2117632K, used 353570K [0x0000000710000000, 0x00000007bab80000, 0x00000007c0000000)
  eden space 1472000K, 0% used [0x0000000710000000,0x0000000710000000,0x0000000769d80000)
  from space 645632K, 54% used [0x0000000793500000,0x00000007a8e48830,0x00000007bab80000)
  to   space 662528K, 0% used [0x0000000769d80000,0x0000000769d80000,0x0000000792480000)
 ParOldGen       total 3087872K, used 2284521K [0x00000005b0000000, 0x000000066c780000, 0x0000000710000000)
  object space 3087872K, 73% used [0x00000005b0000000,0x000000063b6fa520,0x000000066c780000)
 Metaspace       used 300423K, capacity 338360K, committed 338520K, reserved 1312768K
  class space    used 60816K, capacity 74862K, committed 74880K, reserved 1048576K
}
Event: 77.592 GC heap before
{Heap before GC invocations=107 (full 8):
 PSYoungGen      total 2117632K, used 1825570K [0x0000000710000000, 0x00000007bab80000, 0x00000007c0000000)
  eden space 1472000K, 100% used [0x0000000710000000,0x0000000769d80000,0x0000000769d80000)
  from space 645632K, 54% used [0x0000000793500000,0x00000007a8e48830,0x00000007bab80000)
  to   space 662528K, 0% used [0x0000000769d80000,0x0000000769d80000,0x0000000792480000)
 ParOldGen       total 3087872K, used 2286705K [0x00000005b0000000, 0x000000066c780000, 0x0000000710000000)
  object space 3087872K, 74% used [0x00000005b0000000,0x000000063b91c670,0x000000066c780000)
 Metaspace       used 300424K, capacity 338360K, committed 338520K, reserved 1312768K
  class space    used 60816K, capacity 74862K, committed 74880K, reserved 1048576K
Event: 77.667 GC heap after
Heap after GC invocations=107 (full 8):
 PSYoungGen      total 2134528K, used 338768K [0x0000000710000000, 0x00000007bf500000, 0x00000007c0000000)
  eden space 1472000K, 0% used [0x0000000710000000,0x0000000710000000,0x0000000769d80000)
  from space 662528K, 51% used [0x0000000769d80000,0x000000077e8542b0,0x0000000792480000)
  to   space 650240K, 0% used [0x0000000797a00000,0x0000000797a00000,0x00000007bf500000)
 ParOldGen       total 3087872K, used 2301922K [0x00000005b0000000, 0x000000066c780000, 0x0000000710000000)
  object space 3087872K, 74% used [0x00000005b0000000,0x000000063c7f8ad0,0x000000066c780000)
 Metaspace       used 300424K, capacity 338360K, committed 338520K, reserved 1312768K
  class space    used 60816K, capacity 74862K, committed 74880K, reserved 1048576K
}
Event: 78.568 GC heap before
{Heap before GC invocations=108 (full 8):
 PSYoungGen      total 2134528K, used 1810768K [0x0000000710000000, 0x00000007bf500000, 0x00000007c0000000)
  eden space 1472000K, 100% used [0x0000000710000000,0x0000000769d80000,0x0000000769d80000)
  from space 662528K, 51% used [0x0000000769d80000,0x000000077e8542b0,0x0000000792480000)
  to   space 650240K, 0% used [0x0000000797a00000,0x0000000797a00000,0x00000007bf500000)
 ParOldGen       total 3087872K, used 2301925K [0x00000005b0000000, 0x000000066c780000, 0x0000000710000000)
  object space 3087872K, 74% used [0x00000005b0000000,0x000000063c7f9448,0x000000066c780000)
 Metaspace       used 300437K, capacity 338360K, committed 338520K, reserved 1312768K
  class space    used 60817K, capacity 74862K, committed 74880K, reserved 1048576K
Event: 78.644 GC heap after
Heap after GC invocations=108 (full 8):
 PSYoungGen      total 2204672K, used 293712K [0x0000000710000000, 0x00000007be780000, 0x00000007c0000000)
  eden space 1568256K, 0% used [0x0000000710000000,0x0000000710000000,0x000000076fb80000)
  from space 636416K, 46% used [0x0000000797a00000,0x00000007a98d43c0,0x00000007be780000)
  to   space 645120K, 0% used [0x000000076fb80000,0x000000076fb80000,0x0000000797180000)
 ParOldGen       total 3087872K, used 2347413K [0x00000005b0000000, 0x000000066c780000, 0x0000000710000000)
  object space 3087872K, 76% used [0x00000005b0000000,0x000000063f465478,0x000000066c780000)
 Metaspace       used 300437K, capacity 338360K, committed 338520K, reserved 1312768K
  class space    used 60817K, capacity 74862K, committed 74880K, reserved 1048576K
}
Event: 79.578 GC heap before
{Heap before GC invocations=109 (full 8):
 PSYoungGen      total 2204672K, used 1861968K [0x0000000710000000, 0x00000007be780000, 0x00000007c0000000)
  eden space 1568256K, 100% used [0x0000000710000000,0x000000076fb80000,0x000000076fb80000)
  from space 636416K, 46% used [0x0000000797a00000,0x00000007a98d43c0,0x00000007be780000)
  to   space 645120K, 0% used [0x000000076fb80000,0x000000076fb80000,0x0000000797180000)
 ParOldGen       total 3087872K, used 2347413K [0x00000005b0000000, 0x000000066c780000, 0x0000000710000000)
  object space 3087872K, 76% used [0x00000005b0000000,0x000000063f4654b0,0x000000066c780000)
 Metaspace       used 300456K, capacity 338364K, committed 338520K, reserved 1312768K
  class space    used 60818K, capacity 74862K, committed 74880K, reserved 1048576K
Event: 79.642 GC heap after
Heap after GC invocations=109 (full 8):
 PSYoungGen      total 2213376K, used 235152K [0x0000000710000000, 0x00000007c0000000, 0x00000007c0000000)
  eden space 1568256K, 0% used [0x0000000710000000,0x0000000710000000,0x000000076fb80000)
  from space 645120K, 36% used [0x000000076fb80000,0x000000077e124370,0x0000000797180000)
  to   space 647168K, 0% used [0x0000000798800000,0x0000000798800000,0x00000007c0000000)
 ParOldGen       total 3087872K, used 2406381K [0x00000005b0000000, 0x000000066c780000, 0x0000000710000000)
  object space 3087872K, 77% used [0x00000005b0000000,0x0000000642dfb500,0x000000066c780000)
 Metaspace       used 300456K, capacity 338364K, committed 338520K, reserved 1312768K
  class space    used 60818K, capacity 74862K, committed 74880K, reserved 1048576K
}
Event: 80.561 GC heap before
{Heap before GC invocations=110 (full 8):
 PSYoungGen      total 2213376K, used 1803408K [0x0000000710000000, 0x00000007c0000000, 0x00000007c0000000)
  eden space 1568256K, 100% used [0x0000000710000000,0x000000076fb80000,0x000000076fb80000)
  from space 645120K, 36% used [0x000000076fb80000,0x000000077e124370,0x0000000797180000)
  to   space 647168K, 0% used [0x0000000798800000,0x0000000798800000,0x00000007c0000000)
 ParOldGen       total 3087872K, used 2406389K [0x00000005b0000000, 0x000000066c780000, 0x0000000710000000)
  object space 3087872K, 77% used [0x00000005b0000000,0x0000000642dfd7e8,0x000000066c780000)
 Metaspace       used 300461K, capacity 338364K, committed 338520K, reserved 1312768K
  class space    used 60818K, capacity 74862K, committed 74880K, reserved 1048576K
Event: 80.624 GC heap after
Heap after GC invocations=110 (full 8):
 PSYoungGen      total 2226176K, used 190608K [0x0000000710000000, 0x00000007c0000000, 0x00000007c0000000)
  eden space 1579008K, 0% used [0x0000000710000000,0x0000000710000000,0x0000000770600000)
  from space 647168K, 29% used [0x0000000798800000,0x00000007a4224130,0x00000007c0000000)
  to   space 652288K, 0% used [0x0000000770600000,0x0000000770600000,0x0000000798300000)
 ParOldGen       total 3087872K, used 2451245K [0x00000005b0000000, 0x000000066c780000, 0x0000000710000000)
  object space 3087872K, 79% used [0x00000005b0000000,0x00000006459cb790,0x000000066c780000)
 Metaspace       used 300461K, capacity 338364K, committed 338520K, reserved 1312768K
  class space    used 60818K, capacity 74862K, committed 74880K, reserved 1048576K
}
Event: 81.542 GC heap before
{Heap before GC invocations=111 (full 8):
 PSYoungGen      total 2226176K, used 1769616K [0x0000000710000000, 0x00000007c0000000, 0x00000007c0000000)
  eden space 1579008K, 100% used [0x0000000710000000,0x0000000770600000,0x0000000770600000)
  from space 647168K, 29% used [0x0000000798800000,0x00000007a4224130,0x00000007c0000000)
  to   space 652288K, 0% used [0x0000000770600000,0x0000000770600000,0x0000000798300000)
 ParOldGen       total 3087872K, used 2451938K [0x00000005b0000000, 0x000000066c780000, 0x0000000710000000)
  object space 3087872K, 79% used [0x00000005b0000000,0x0000000645a78998,0x000000066c780000)
 Metaspace       used 300461K, capacity 338364K, committed 338520K, reserved 1312768K
  class space    used 60818K, capacity 74862K, committed 74880K, reserved 1048576K

